<?xml version="1.0" encoding="UTF-8"?>
<!-- Generated by org.testng.reporters.JUnitReportReporter -->
<testsuite skipped="0" hostname="DESKTOP-K0VVDO2" name="org.learnautomation.unitTest.TestDataProviderFactory" tests="2" failures="0" timestamp="06 Feb 2019 01:34:51 GMT" time="0.643" errors="0">
  <testcase name="testconfig" time="0.005" classname="org.learnautomation.unitTest.TestDataProviderFactory"/>
  <testcase name="testExcel" time="0.638" classname="org.learnautomation.unitTest.TestDataProviderFactory"/>
</testsuite> <!-- org.learnautomation.unitTest.TestDataProviderFactory -->
