<?xml version="1.0" encoding="UTF-8"?>
<!-- Generated by org.testng.reporters.JUnitReportReporter -->
<testsuite skipped="0" hostname="DESKTOP-K0VVDO2" name="org.learnautomation.unitTest.TestBrowserFactory" tests="1" failures="0" timestamp="10 Feb 2019 02:08:58 GMT" time="5.982" errors="0">
  <testcase name="testBrowser" time="5.982" classname="org.learnautomation.unitTest.TestBrowserFactory"/>
</testsuite> <!-- org.learnautomation.unitTest.TestBrowserFactory -->
