<?xml version="1.0" encoding="UTF-8"?>
<!-- Generated by org.testng.reporters.JUnitReportReporter -->
<testsuite skipped="0" hostname="DESKTOP-K0VVDO2" name="org.learnautomation.testcases.LoginTestforCRM" tests="1" failures="0" timestamp="10 Feb 2019 03:23:53 GMT" time="5.922" errors="0">
  <testcase name="loginCRM" time="5.922" classname="org.learnautomation.testcases.LoginTestforCRM"/>
</testsuite> <!-- org.learnautomation.testcases.LoginTestforCRM -->
